2025-07-21 20:08:41,888 - WeatherApp - INFO - initialize_error_handling:518 - Weather App Error Handling System Initialized
2025-07-21 20:08:41,888 - WeatherApp - INFO - log_system_info:409 - === SYSTEM INFORMATION ===
2025-07-21 20:08:41,921 - WeatherApp - INFO - log_system_info:410 - Platform: macOS-15.4.1-x86_64-i386-64bit-Mach-O
2025-07-21 20:08:41,921 - WeatherApp - INFO - log_system_info:411 - Python Version: 3.13.3 (v3.13.3:6280bb54784, Apr  8 2025, 10:47:54) [Clang 15.0.0 (clang-1500.3.9.4)]
2025-07-21 20:08:41,921 - WeatherApp - INFO - log_system_info:412 - Python Executable: /Library/Frameworks/Python.framework/Versions/3.13/bin/python3
2025-07-21 20:08:41,921 - WeatherApp - INFO - log_system_info:413 - Working Directory: /Users/drashtip/Documents/Capstone
2025-07-21 20:08:41,922 - WeatherApp - INFO - log_system_info:414 - ==========================
2025-07-21 20:11:46,273 - WeatherApp - INFO - initialize_error_handling:518 - Weather App Error Handling System Initialized
2025-07-21 20:11:46,273 - WeatherApp - INFO - log_system_info:409 - === SYSTEM INFORMATION ===
2025-07-21 20:11:46,302 - WeatherApp - INFO - log_system_info:410 - Platform: macOS-15.4.1-x86_64-i386-64bit-Mach-O
2025-07-21 20:11:46,302 - WeatherApp - INFO - log_system_info:411 - Python Version: 3.13.3 (v3.13.3:6280bb54784, Apr  8 2025, 10:47:54) [Clang 15.0.0 (clang-1500.3.9.4)]
2025-07-21 20:11:46,302 - WeatherApp - INFO - log_system_info:412 - Python Executable: /Library/Frameworks/Python.framework/Versions/3.13/bin/python3
2025-07-21 20:11:46,303 - WeatherApp - INFO - log_system_info:413 - Working Directory: /Users/drashtip/Documents/Capstone
2025-07-21 20:11:46,303 - WeatherApp - INFO - log_system_info:414 - ==========================
2025-07-21 20:16:33,401 - WeatherApp - INFO - initialize_error_handling:518 - Weather App Error Handling System Initialized
2025-07-21 20:16:33,402 - WeatherApp - INFO - log_system_info:409 - === SYSTEM INFORMATION ===
2025-07-21 20:16:33,426 - WeatherApp - INFO - log_system_info:410 - Platform: macOS-15.4.1-x86_64-i386-64bit-Mach-O
2025-07-21 20:16:33,426 - WeatherApp - INFO - log_system_info:411 - Python Version: 3.13.3 (v3.13.3:6280bb54784, Apr  8 2025, 10:47:54) [Clang 15.0.0 (clang-1500.3.9.4)]
2025-07-21 20:16:33,426 - WeatherApp - INFO - log_system_info:412 - Python Executable: /Library/Frameworks/Python.framework/Versions/3.13/bin/python3
2025-07-21 20:16:33,426 - WeatherApp - INFO - log_system_info:413 - Working Directory: /Users/drashtip/Documents/Capstone
2025-07-21 20:16:33,427 - WeatherApp - INFO - log_system_info:414 - ==========================
2025-07-21 20:19:22,193 - WeatherApp - INFO - initialize_error_handling:518 - Weather App Error Handling System Initialized
2025-07-21 20:19:22,193 - WeatherApp - INFO - log_system_info:409 - === SYSTEM INFORMATION ===
2025-07-21 20:19:22,219 - WeatherApp - INFO - log_system_info:410 - Platform: macOS-15.4.1-x86_64-i386-64bit-Mach-O
2025-07-21 20:19:22,219 - WeatherApp - INFO - log_system_info:411 - Python Version: 3.13.3 (v3.13.3:6280bb54784, Apr  8 2025, 10:47:54) [Clang 15.0.0 (clang-1500.3.9.4)]
2025-07-21 20:19:22,219 - WeatherApp - INFO - log_system_info:412 - Python Executable: /Library/Frameworks/Python.framework/Versions/3.13/bin/python3
2025-07-21 20:19:22,220 - WeatherApp - INFO - log_system_info:413 - Working Directory: /Users/drashtip/Documents/Capstone
2025-07-21 20:19:22,220 - WeatherApp - INFO - log_system_info:414 - ==========================
2025-07-21 20:21:23,870 - WeatherApp - INFO - initialize_error_handling:518 - Weather App Error Handling System Initialized
2025-07-21 20:21:23,870 - WeatherApp - INFO - log_system_info:409 - === SYSTEM INFORMATION ===
2025-07-21 20:21:23,898 - WeatherApp - INFO - log_system_info:410 - Platform: macOS-15.4.1-x86_64-i386-64bit-Mach-O
2025-07-21 20:21:23,898 - WeatherApp - INFO - log_system_info:411 - Python Version: 3.13.3 (v3.13.3:6280bb54784, Apr  8 2025, 10:47:54) [Clang 15.0.0 (clang-1500.3.9.4)]
2025-07-21 20:21:23,899 - WeatherApp - INFO - log_system_info:412 - Python Executable: /Library/Frameworks/Python.framework/Versions/3.13/bin/python3
2025-07-21 20:21:23,899 - WeatherApp - INFO - log_system_info:413 - Working Directory: /Users/drashtip/Documents/Capstone
2025-07-21 20:21:23,899 - WeatherApp - INFO - log_system_info:414 - ==========================
2025-07-21 20:25:41,634 - WeatherApp - INFO - initialize_error_handling:518 - Weather App Error Handling System Initialized
2025-07-21 20:25:41,634 - WeatherApp - INFO - log_system_info:409 - === SYSTEM INFORMATION ===
2025-07-21 20:25:41,669 - WeatherApp - INFO - log_system_info:410 - Platform: macOS-15.4.1-x86_64-i386-64bit-Mach-O
2025-07-21 20:25:41,670 - WeatherApp - INFO - log_system_info:411 - Python Version: 3.13.3 (v3.13.3:6280bb54784, Apr  8 2025, 10:47:54) [Clang 15.0.0 (clang-1500.3.9.4)]
2025-07-21 20:25:41,671 - WeatherApp - INFO - log_system_info:412 - Python Executable: /Library/Frameworks/Python.framework/Versions/3.13/bin/python3
2025-07-21 20:25:41,671 - WeatherApp - INFO - log_system_info:413 - Working Directory: /Users/drashtip/Documents/Capstone
2025-07-21 20:25:41,672 - WeatherApp - INFO - log_system_info:414 - ==========================
2025-07-21 20:27:22,862 - WeatherApp - INFO - initialize_error_handling:518 - Weather App Error Handling System Initialized
2025-07-21 20:27:22,862 - WeatherApp - INFO - log_system_info:409 - === SYSTEM INFORMATION ===
2025-07-21 20:27:22,886 - WeatherApp - INFO - log_system_info:410 - Platform: macOS-15.4.1-x86_64-i386-64bit-Mach-O
2025-07-21 20:27:22,887 - WeatherApp - INFO - log_system_info:411 - Python Version: 3.13.3 (v3.13.3:6280bb54784, Apr  8 2025, 10:47:54) [Clang 15.0.0 (clang-1500.3.9.4)]
2025-07-21 20:27:22,888 - WeatherApp - INFO - log_system_info:412 - Python Executable: /Library/Frameworks/Python.framework/Versions/3.13/bin/python3
2025-07-21 20:27:22,888 - WeatherApp - INFO - log_system_info:413 - Working Directory: /Users/drashtip/Documents/Capstone
2025-07-21 20:27:22,888 - WeatherApp - INFO - log_system_info:414 - ==========================
2025-07-21 20:28:37,618 - WeatherApp - INFO - initialize_error_handling:518 - Weather App Error Handling System Initialized
2025-07-21 20:28:37,618 - WeatherApp - INFO - log_system_info:409 - === SYSTEM INFORMATION ===
2025-07-21 20:28:37,644 - WeatherApp - INFO - log_system_info:410 - Platform: macOS-15.4.1-x86_64-i386-64bit-Mach-O
2025-07-21 20:28:37,645 - WeatherApp - INFO - log_system_info:411 - Python Version: 3.13.3 (v3.13.3:6280bb54784, Apr  8 2025, 10:47:54) [Clang 15.0.0 (clang-1500.3.9.4)]
2025-07-21 20:28:37,645 - WeatherApp - INFO - log_system_info:412 - Python Executable: /Library/Frameworks/Python.framework/Versions/3.13/bin/python3
2025-07-21 20:28:37,645 - WeatherApp - INFO - log_system_info:413 - Working Directory: /Users/drashtip/Documents/Capstone
2025-07-21 20:28:37,645 - WeatherApp - INFO - log_system_info:414 - ==========================
2025-07-21 20:30:25,157 - WeatherApp - INFO - initialize_error_handling:518 - Weather App Error Handling System Initialized
2025-07-21 20:30:25,157 - WeatherApp - INFO - log_system_info:409 - === SYSTEM INFORMATION ===
2025-07-21 20:30:25,182 - WeatherApp - INFO - log_system_info:410 - Platform: macOS-15.4.1-x86_64-i386-64bit-Mach-O
2025-07-21 20:30:25,183 - WeatherApp - INFO - log_system_info:411 - Python Version: 3.13.3 (v3.13.3:6280bb54784, Apr  8 2025, 10:47:54) [Clang 15.0.0 (clang-1500.3.9.4)]
2025-07-21 20:30:25,183 - WeatherApp - INFO - log_system_info:412 - Python Executable: /Library/Frameworks/Python.framework/Versions/3.13/bin/python3
2025-07-21 20:30:25,183 - WeatherApp - INFO - log_system_info:413 - Working Directory: /Users/drashtip/Documents/Capstone
2025-07-21 20:30:25,183 - WeatherApp - INFO - log_system_info:414 - ==========================
2025-07-21 20:31:28,386 - WeatherApp - INFO - initialize_error_handling:518 - Weather App Error Handling System Initialized
2025-07-21 20:31:28,386 - WeatherApp - INFO - log_system_info:409 - === SYSTEM INFORMATION ===
2025-07-21 20:31:28,410 - WeatherApp - INFO - log_system_info:410 - Platform: macOS-15.4.1-x86_64-i386-64bit-Mach-O
2025-07-21 20:31:28,410 - WeatherApp - INFO - log_system_info:411 - Python Version: 3.13.3 (v3.13.3:6280bb54784, Apr  8 2025, 10:47:54) [Clang 15.0.0 (clang-1500.3.9.4)]
2025-07-21 20:31:28,410 - WeatherApp - INFO - log_system_info:412 - Python Executable: /Library/Frameworks/Python.framework/Versions/3.13/bin/python3
2025-07-21 20:31:28,411 - WeatherApp - INFO - log_system_info:413 - Working Directory: /Users/drashtip/Documents/Capstone
2025-07-21 20:31:28,411 - WeatherApp - INFO - log_system_info:414 - ==========================
2025-07-21 20:32:55,398 - WeatherApp - INFO - initialize_error_handling:518 - Weather App Error Handling System Initialized
2025-07-21 20:32:55,398 - WeatherApp - INFO - log_system_info:409 - === SYSTEM INFORMATION ===
2025-07-21 20:32:55,421 - WeatherApp - INFO - log_system_info:410 - Platform: macOS-15.4.1-x86_64-i386-64bit-Mach-O
2025-07-21 20:32:55,422 - WeatherApp - INFO - log_system_info:411 - Python Version: 3.13.3 (v3.13.3:6280bb54784, Apr  8 2025, 10:47:54) [Clang 15.0.0 (clang-1500.3.9.4)]
2025-07-21 20:32:55,423 - WeatherApp - INFO - log_system_info:412 - Python Executable: /Library/Frameworks/Python.framework/Versions/3.13/bin/python3
2025-07-21 20:32:55,423 - WeatherApp - INFO - log_system_info:413 - Working Directory: /Users/drashtip/Documents/Capstone
2025-07-21 20:32:55,423 - WeatherApp - INFO - log_system_info:414 - ==========================
2025-07-21 20:33:52,354 - WeatherApp - INFO - initialize_error_handling:518 - Weather App Error Handling System Initialized
2025-07-21 20:33:52,354 - WeatherApp - INFO - log_system_info:409 - === SYSTEM INFORMATION ===
2025-07-21 20:33:52,378 - WeatherApp - INFO - log_system_info:410 - Platform: macOS-15.4.1-x86_64-i386-64bit-Mach-O
2025-07-21 20:33:52,378 - WeatherApp - INFO - log_system_info:411 - Python Version: 3.13.3 (v3.13.3:6280bb54784, Apr  8 2025, 10:47:54) [Clang 15.0.0 (clang-1500.3.9.4)]
2025-07-21 20:33:52,379 - WeatherApp - INFO - log_system_info:412 - Python Executable: /Library/Frameworks/Python.framework/Versions/3.13/bin/python3
2025-07-21 20:33:52,379 - WeatherApp - INFO - log_system_info:413 - Working Directory: /Users/drashtip/Documents/Capstone
2025-07-21 20:33:52,379 - WeatherApp - INFO - log_system_info:414 - ==========================
2025-07-21 20:35:32,946 - WeatherApp - INFO - initialize_error_handling:518 - Weather App Error Handling System Initialized
2025-07-21 20:35:32,947 - WeatherApp - INFO - log_system_info:409 - === SYSTEM INFORMATION ===
2025-07-21 20:35:32,972 - WeatherApp - INFO - log_system_info:410 - Platform: macOS-15.4.1-x86_64-i386-64bit-Mach-O
2025-07-21 20:35:32,972 - WeatherApp - INFO - log_system_info:411 - Python Version: 3.13.3 (v3.13.3:6280bb54784, Apr  8 2025, 10:47:54) [Clang 15.0.0 (clang-1500.3.9.4)]
2025-07-21 20:35:32,972 - WeatherApp - INFO - log_system_info:412 - Python Executable: /Library/Frameworks/Python.framework/Versions/3.13/bin/python3
2025-07-21 20:35:32,972 - WeatherApp - INFO - log_system_info:413 - Working Directory: /Users/drashtip/Documents/Capstone
2025-07-21 20:35:32,972 - WeatherApp - INFO - log_system_info:414 - ==========================
2025-07-21 20:38:05,386 - WeatherApp - INFO - initialize_error_handling:518 - Weather App Error Handling System Initialized
2025-07-21 20:38:05,386 - WeatherApp - INFO - log_system_info:409 - === SYSTEM INFORMATION ===
2025-07-21 20:38:05,434 - WeatherApp - INFO - log_system_info:410 - Platform: macOS-15.4.1-x86_64-i386-64bit-Mach-O
2025-07-21 20:38:05,435 - WeatherApp - INFO - log_system_info:411 - Python Version: 3.13.3 (v3.13.3:6280bb54784, Apr  8 2025, 10:47:54) [Clang 15.0.0 (clang-1500.3.9.4)]
2025-07-21 20:38:05,435 - WeatherApp - INFO - log_system_info:412 - Python Executable: /Library/Frameworks/Python.framework/Versions/3.13/bin/python3
2025-07-21 20:38:05,435 - WeatherApp - INFO - log_system_info:413 - Working Directory: /Users/drashtip/Documents/Capstone
2025-07-21 20:38:05,436 - WeatherApp - INFO - log_system_info:414 - ==========================
2025-07-21 20:40:01,562 - WeatherApp - INFO - initialize_error_handling:518 - Weather App Error Handling System Initialized
2025-07-21 20:40:01,562 - WeatherApp - INFO - log_system_info:409 - === SYSTEM INFORMATION ===
2025-07-21 20:40:01,588 - WeatherApp - INFO - log_system_info:410 - Platform: macOS-15.4.1-x86_64-i386-64bit-Mach-O
2025-07-21 20:40:01,589 - WeatherApp - INFO - log_system_info:411 - Python Version: 3.13.3 (v3.13.3:6280bb54784, Apr  8 2025, 10:47:54) [Clang 15.0.0 (clang-1500.3.9.4)]
2025-07-21 20:40:01,589 - WeatherApp - INFO - log_system_info:412 - Python Executable: /Library/Frameworks/Python.framework/Versions/3.13/bin/python3
2025-07-21 20:40:01,589 - WeatherApp - INFO - log_system_info:413 - Working Directory: /Users/drashtip/Documents/Capstone
2025-07-21 20:40:01,589 - WeatherApp - INFO - log_system_info:414 - ==========================
2025-07-21 21:07:12,243 - WeatherApp - INFO - initialize_error_handling:518 - Weather App Error Handling System Initialized
2025-07-21 21:07:12,243 - WeatherApp - INFO - log_system_info:409 - === SYSTEM INFORMATION ===
2025-07-21 21:07:12,275 - WeatherApp - INFO - log_system_info:410 - Platform: macOS-15.4.1-x86_64-i386-64bit-Mach-O
2025-07-21 21:07:12,276 - WeatherApp - INFO - log_system_info:411 - Python Version: 3.13.3 (v3.13.3:6280bb54784, Apr  8 2025, 10:47:54) [Clang 15.0.0 (clang-1500.3.9.4)]
2025-07-21 21:07:12,276 - WeatherApp - INFO - log_system_info:412 - Python Executable: /Library/Frameworks/Python.framework/Versions/3.13/bin/python3
2025-07-21 21:07:12,276 - WeatherApp - INFO - log_system_info:413 - Working Directory: /Users/drashtip/Documents/Capstone
2025-07-21 21:07:12,276 - WeatherApp - INFO - log_system_info:414 - ==========================
2025-07-21 21:11:10,412 - WeatherApp - INFO - initialize_error_handling:518 - Weather App Error Handling System Initialized
2025-07-21 21:11:10,412 - WeatherApp - INFO - log_system_info:409 - === SYSTEM INFORMATION ===
2025-07-21 21:11:10,441 - WeatherApp - INFO - log_system_info:410 - Platform: macOS-15.4.1-x86_64-i386-64bit-Mach-O
2025-07-21 21:11:10,441 - WeatherApp - INFO - log_system_info:411 - Python Version: 3.13.3 (v3.13.3:6280bb54784, Apr  8 2025, 10:47:54) [Clang 15.0.0 (clang-1500.3.9.4)]
2025-07-21 21:11:10,441 - WeatherApp - INFO - log_system_info:412 - Python Executable: /Library/Frameworks/Python.framework/Versions/3.13/bin/python3
2025-07-21 21:11:10,441 - WeatherApp - INFO - log_system_info:413 - Working Directory: /Users/drashtip/Documents/Capstone
2025-07-21 21:11:10,441 - WeatherApp - INFO - log_system_info:414 - ==========================
2025-07-21 21:15:34,267 - WeatherApp - INFO - initialize_error_handling:518 - Weather App Error Handling System Initialized
2025-07-21 21:15:34,268 - WeatherApp - INFO - log_system_info:409 - === SYSTEM INFORMATION ===
2025-07-21 21:15:34,292 - WeatherApp - INFO - log_system_info:410 - Platform: macOS-15.4.1-x86_64-i386-64bit-Mach-O
2025-07-21 21:15:34,292 - WeatherApp - INFO - log_system_info:411 - Python Version: 3.13.3 (v3.13.3:6280bb54784, Apr  8 2025, 10:47:54) [Clang 15.0.0 (clang-1500.3.9.4)]
2025-07-21 21:15:34,292 - WeatherApp - INFO - log_system_info:412 - Python Executable: /Library/Frameworks/Python.framework/Versions/3.13/bin/python3
2025-07-21 21:15:34,293 - WeatherApp - INFO - log_system_info:413 - Working Directory: /Users/drashtip/Documents/Capstone
2025-07-21 21:15:34,293 - WeatherApp - INFO - log_system_info:414 - ==========================
2025-07-21 21:17:47,106 - WeatherApp - INFO - initialize_error_handling:518 - Weather App Error Handling System Initialized
2025-07-21 21:17:47,106 - WeatherApp - INFO - log_system_info:409 - === SYSTEM INFORMATION ===
2025-07-21 21:17:47,134 - WeatherApp - INFO - log_system_info:410 - Platform: macOS-15.4.1-x86_64-i386-64bit-Mach-O
2025-07-21 21:17:47,135 - WeatherApp - INFO - log_system_info:411 - Python Version: 3.13.3 (v3.13.3:6280bb54784, Apr  8 2025, 10:47:54) [Clang 15.0.0 (clang-1500.3.9.4)]
2025-07-21 21:17:47,135 - WeatherApp - INFO - log_system_info:412 - Python Executable: /Library/Frameworks/Python.framework/Versions/3.13/bin/python3
2025-07-21 21:17:47,135 - WeatherApp - INFO - log_system_info:413 - Working Directory: /Users/drashtip/Documents/Capstone
2025-07-21 21:17:47,135 - WeatherApp - INFO - log_system_info:414 - ==========================
